<?xml version="1.0" encoding="UTF-8"?>
<testsuite name="org.example.AvionComercialTest" tests="3" skipped="0" failures="0" errors="0" timestamp="2023-08-28T18:19:11" hostname="LAPTOP-N588RHOQ" time="0.009">
  <properties/>
  <testcase name="testVolar" classname="org.example.AvionComercialTest" time="0.007"/>
  <testcase name="testVolarDistanciaCero" classname="org.example.AvionComercialTest" time="0.0"/>
  <testcase name="testVolarDistanciaPositiva" classname="org.example.AvionComercialTest" time="0.001"/>
  <system-out><![CDATA[]]></system-out>
  <system-err><![CDATA[]]></system-err>
</testsuite>
