<?xml version="1.0" encoding="UTF-8"?>
<testsuite name="org.example.AvionPrivadoTest" tests="4" skipped="0" failures="0" errors="0" timestamp="2023-08-28T20:09:54" hostname="LAPTOP-N588RHOQ" time="0.002">
  <properties/>
  <testcase name="testVolarCapacidadCombustibleMaxima" classname="org.example.AvionPrivadoTest" time="0.001"/>
  <testcase name="testVolar" classname="org.example.AvionPrivadoTest" time="0.0"/>
  <testcase name="testVolarDistanciaCero" classname="org.example.AvionPrivadoTest" time="0.001"/>
  <testcase name="testVolarDistanciaPositiva" classname="org.example.AvionPrivadoTest" time="0.0"/>
  <system-out><![CDATA[]]></system-out>
  <system-err><![CDATA[]]></system-err>
</testsuite>
